<?xml version="1.0" encoding="UTF-8"?>
<robot generator="Robot 5.0.1 (Python 3.9.6 on win32)" generated="20220621 20:17:49.515" rpa="false" schemaversion="3">
<suite id="s1" name="Frist" source="D:\learning\python_test\web_test\robot_webtest\frist.robot">
<test id="s1-t1" name="Open Google" line="18">
<kw name="Open Browser" library="SeleniumLibrary">
<arg>https://shopee.tw/m/topshop</arg>
<arg>chrome</arg>
<doc>Opens a new browser instance to the optional ``url``.</doc>
<msg timestamp="20220621 20:17:49.699" level="INFO">Opening browser 'chrome' to base url 'https://shopee.tw/m/topshop'.</msg>
<status status="PASS" starttime="20220621 20:17:49.698" endtime="20220621 20:17:52.189"/>
</kw>
<kw name="Maximize Browser Window" library="SeleniumLibrary">
<doc>Maximizes current browser window.</doc>
<status status="PASS" starttime="20220621 20:17:52.190" endtime="20220621 20:17:52.308"/>
</kw>
<status status="PASS" starttime="20220621 20:17:49.698" endtime="20220621 20:17:52.308"/>
</test>
<test id="s1-t2" name="GetDataTest_1" line="25">
<kw name="Get WebElement" library="SeleniumLibrary">
<var>${text1_xpath}</var>
<arg>//*[@id="main"]/div/div[2]/div[1]/div/div[2]/div/div[2]/div/header/div[2]/div/div[1]/div[2]/div/a[1]</arg>
<doc>Returns the first WebElement matching the given ``locator``.</doc>
<msg timestamp="20220621 20:17:52.354" level="INFO">${text1_xpath} = &lt;selenium.webdriver.remote.webelement.WebElement (session="7ef9e8a369ec505c500beb03b4830741", element="9d8e86dd-d838-4bca-bf5e-ebb45e3d9a50")&gt;</msg>
<status status="PASS" starttime="20220621 20:17:52.311" endtime="20220621 20:17:52.354"/>
</kw>
<kw name="Wait Until Element Is Visible" library="SeleniumLibrary">
<arg>${text1_xpath}</arg>
<arg>15s</arg>
<doc>Waits until the element ``locator`` is visible.</doc>
<status status="PASS" starttime="20220621 20:17:52.355" endtime="20220621 20:17:52.937"/>
</kw>
<kw name="Get Text" library="SeleniumLibrary">
<var>${text1}</var>
<arg>${text1_xpath}</arg>
<doc>Returns the text value of the element identified by ``locator``.</doc>
<msg timestamp="20220621 20:17:52.964" level="INFO">${text1} = 口罩</msg>
<status status="PASS" starttime="20220621 20:17:52.937" endtime="20220621 20:17:52.964"/>
</kw>
<kw name="Log" library="BuiltIn">
<arg>${text1}</arg>
<doc>Logs the given message with the given level.</doc>
<msg timestamp="20220621 20:17:52.965" level="INFO">口罩</msg>
<status status="PASS" starttime="20220621 20:17:52.964" endtime="20220621 20:17:52.965"/>
</kw>
<status status="PASS" starttime="20220621 20:17:52.310" endtime="20220621 20:17:52.965"/>
</test>
<test id="s1-t3" name="CompareData_PY&amp;RF" line="44">
<kw name="Get WebElements" library="SeleniumLibrary">
<var>${textALL_xpath}</var>
<arg>//*[@id="main"]/div/div[2]/div[1]/div/div[2]/div/div[2]/div/header/div[2]/div/div[1]/div[2]/div</arg>
<doc>Returns a list of WebElement objects matching the ``locator``.</doc>
<msg timestamp="20220621 20:17:53.010" level="INFO">${textALL_xpath} = [&lt;selenium.webdriver.remote.webelement.WebElement (session="7ef9e8a369ec505c500beb03b4830741", element="a879ebf3-591a-4321-a721-e8d49c10fbab")&gt;]</msg>
<status status="PASS" starttime="20220621 20:17:52.968" endtime="20220621 20:17:53.010"/>
</kw>
<kw name="Get WebElements" library="SeleniumLibrary">
<var>${text3}</var>
<arg>//*[@id="main"]/div/div[2]/div[1]/div/div[2]/div/div[2]/div/header/div[2]/div/div[1]/div[2]/div/a[*]</arg>
<doc>Returns a list of WebElement objects matching the ``locator``.</doc>
<msg timestamp="20220621 20:17:53.020" level="INFO">${text3} = []</msg>
<status status="PASS" starttime="20220621 20:17:53.011" endtime="20220621 20:17:53.020"/>
</kw>
<kw name="Get Text" library="SeleniumLibrary">
<var>${textALL_RF}</var>
<arg>${textALL_xpath}</arg>
<doc>Returns the text value of the element identified by ``locator``.</doc>
<msg timestamp="20220621 20:17:53.033" level="INFO">${textALL_RF} = 口罩
手機殼
小米
拖鞋
洋裝
水壺
酒精
雨衣</msg>
<status status="PASS" starttime="20220621 20:17:53.021" endtime="20220621 20:17:53.033"/>
</kw>
<kw name="Log" library="BuiltIn">
<arg>${textALL_RF}</arg>
<doc>Logs the given message with the given level.</doc>
<msg timestamp="20220621 20:17:53.034" level="INFO">口罩
手機殼
小米
拖鞋
洋裝
水壺
酒精
雨衣</msg>
<status status="PASS" starttime="20220621 20:17:53.034" endtime="20220621 20:17:53.034"/>
</kw>
<kw name="Get Length" library="BuiltIn">
<var>${text3_len}</var>
<arg>${text3}</arg>
<doc>Returns and logs the length of the given item as an integer.</doc>
<msg timestamp="20220621 20:17:53.035" level="INFO">Length is 0</msg>
<msg timestamp="20220621 20:17:53.035" level="INFO">${text3_len} = 0</msg>
<status status="PASS" starttime="20220621 20:17:53.035" endtime="20220621 20:17:53.035"/>
</kw>
<for flavor="IN RANGE">
<var>${i}</var>
<value>${text3_len}</value>
<iter>
<var name="${i}"/>
<kw name="Get Text" library="SeleniumLibrary">
<var>${text3_text}</var>
<arg>${text3}[${i}]</arg>
<doc>Returns the text value of the element identified by ``locator``.</doc>
<status status="NOT RUN" starttime="20220621 20:17:53.035" endtime="20220621 20:17:53.035"/>
</kw>
<kw name="Log" library="BuiltIn">
<arg>${text3_text}</arg>
<doc>Logs the given message with the given level.</doc>
<status status="NOT RUN" starttime="20220621 20:17:53.035" endtime="20220621 20:17:53.035"/>
</kw>
<status status="NOT RUN" starttime="20220621 20:17:53.035" endtime="20220621 20:17:53.035"/>
</iter>
<status status="NOT RUN" starttime="20220621 20:17:53.035" endtime="20220621 20:17:53.035"/>
</for>
<kw name="Should Be Equal As Strings" library="BuiltIn">
<arg>${textALL_RF}</arg>
<arg>${value}</arg>
<doc>Fails if objects are unequal after converting them to strings.</doc>
<msg timestamp="20220621 20:17:53.036" level="FAIL">Variable '${value}' not found.</msg>
<status status="FAIL" starttime="20220621 20:17:53.036" endtime="20220621 20:17:53.036"/>
</kw>
<kw name="Close Browser" library="SeleniumLibrary">
<doc>Closes the current browser.</doc>
<status status="NOT RUN" starttime="20220621 20:17:53.037" endtime="20220621 20:17:53.037"/>
</kw>
<status status="FAIL" starttime="20220621 20:17:52.967" endtime="20220621 20:17:53.037">Variable '${value}' not found.</status>
</test>
<status status="FAIL" starttime="20220621 20:17:49.517" endtime="20220621 20:17:53.038"/>
</suite>
<statistics>
<total>
<stat pass="2" fail="1" skip="0">All Tests</stat>
</total>
<tag>
</tag>
<suite>
<stat pass="2" fail="1" skip="0" id="s1" name="Frist">Frist</stat>
</suite>
</statistics>
<errors>
</errors>
</robot>
